========== Aapt ==========
Found 0 custom asset files in /storage/sdcard0/andjedi/projects/ReadingBrowser/assets/
Locale/Vendor pairs:
   /
   /
   /
   /

Files:
  drawable-hdpi/back.png
      Src: /storage/sdcard0/andjedi/projects/ReadingBrowser/res/drawable-hdpi/back.png
  drawable-hdpi/bookmarks.png
      Src: /storage/sdcard0/andjedi/projects/ReadingBrowser/res/drawable-hdpi/bookmarks.png
  drawable-hdpi/delete.png
      Src: /storage/sdcard0/andjedi/projects/ReadingBrowser/res/drawable-hdpi/delete.png
  drawable-hdpi/edit.png
      Src: /storage/sdcard0/andjedi/projects/ReadingBrowser/res/drawable-hdpi/edit.png
  drawable-hdpi/forward.png
      Src: /storage/sdcard0/andjedi/projects/ReadingBrowser/res/drawable-hdpi/forward.png
  drawable-hdpi/ic_launcher.png
      Src: /storage/sdcard0/andjedi/projects/ReadingBrowser/res/drawable-hdpi/ic_launcher.png
  drawable-hdpi/refresh.png
      Src: /storage/sdcard0/andjedi/projects/ReadingBrowser/res/drawable-hdpi/refresh.png
  drawable-hdpi/settings.png
      Src: /storage/sdcard0/andjedi/projects/ReadingBrowser/res/drawable-hdpi/settings.png
  drawable-mdpi/back.png
      Src: /storage/sdcard0/andjedi/projects/ReadingBrowser/res/drawable-mdpi/back.png
  drawable-mdpi/bookmarks.png
      Src: /storage/sdcard0/andjedi/projects/ReadingBrowser/res/drawable-mdpi/bookmarks.png
  drawable-mdpi/delete.png
      Src: /storage/sdcard0/andjedi/projects/ReadingBrowser/res/drawable-mdpi/delete.png
  drawable-mdpi/edit.png
      Src: /storage/sdcard0/andjedi/projects/ReadingBrowser/res/drawable-mdpi/edit.png
  drawable-mdpi/forward.png
      Src: /storage/sdcard0/andjedi/projects/ReadingBrowser/res/drawable-mdpi/forward.png
  drawable-mdpi/ic_launcher.png
      Src: /storage/sdcard0/andjedi/projects/ReadingBrowser/res/drawable-mdpi/ic_launcher.png
  drawable-mdpi/refresh.png
      Src: /storage/sdcard0/andjedi/projects/ReadingBrowser/res/drawable-mdpi/refresh.png
  drawable-mdpi/settings.png
      Src: /storage/sdcard0/andjedi/projects/ReadingBrowser/res/drawable-mdpi/settings.png
  drawable-xhdpi/back.png
      Src: /storage/sdcard0/andjedi/projects/ReadingBrowser/res/drawable-xhdpi/back.png
  drawable-xhdpi/bookmarks.png
      Src: /storage/sdcard0/andjedi/projects/ReadingBrowser/res/drawable-xhdpi/bookmarks.png
  drawable-xhdpi/delete.png
      Src: /storage/sdcard0/andjedi/projects/ReadingBrowser/res/drawable-xhdpi/delete.png
  drawable-xhdpi/edit.png
      Src: /storage/sdcard0/andjedi/projects/ReadingBrowser/res/drawable-xhdpi/edit.png
  drawable-xhdpi/forward.png
      Src: /storage/sdcard0/andjedi/projects/ReadingBrowser/res/drawable-xhdpi/forward.png
  drawable-xhdpi/history.png
      Src: /storage/sdcard0/andjedi/projects/ReadingBrowser/res/drawable-xhdpi/history.png
  drawable-xhdpi/ic_launcher.png
      Src: /storage/sdcard0/andjedi/projects/ReadingBrowser/res/drawable-xhdpi/ic_launcher.png
  drawable-xhdpi/refresh.png
      Src: /storage/sdcard0/andjedi/projects/ReadingBrowser/res/drawable-xhdpi/refresh.png
  drawable-xhdpi/settings.png
      Src: /storage/sdcard0/andjedi/projects/ReadingBrowser/res/drawable-xhdpi/settings.png
  menu/main.xml
      Src: /storage/sdcard0/andjedi/projects/ReadingBrowser/res/menu/main.xml
  values/strings.xml
      Src: /storage/sdcard0/andjedi/projects/ReadingBrowser/res/values/strings.xml
  AndroidManifest.xml
      Src: /storage/sdcard0/andjedi/projects/ReadingBrowser/AndroidManifest.xml
Including resources from package: /storage/sdcard0/andjedi/libs/3.0_level11.jar
applyFileOverlay for drawable
applyFileOverlay for layout
applyFileOverlay for anim
applyFileOverlay for xml
applyFileOverlay for raw
applyFileOverlay for color
applyFileOverlay for menu
    (processed image /storage/sdcard0/andjedi/projects/ReadingBrowser/res/drawable-hdpi/back.png: 26% size of source)
    (processed image /storage/sdcard0/andjedi/projects/ReadingBrowser/res/drawable-mdpi/back.png: 25% size of source)
    (processed image /storage/sdcard0/andjedi/projects/ReadingBrowser/res/drawable-xhdpi/back.png: 29% size of source)
    (processed image /storage/sdcard0/andjedi/projects/ReadingBrowser/res/drawable-hdpi/bookmarks.png: 51% size of source)
    (processed image /storage/sdcard0/andjedi/projects/ReadingBrowser/res/drawable-mdpi/bookmarks.png: 46% size of source)
    (processed image /storage/sdcard0/andjedi/projects/ReadingBrowser/res/drawable-xhdpi/bookmarks.png: 57% size of source)
    (processed image /storage/sdcard0/andjedi/projects/ReadingBrowser/res/drawable-hdpi/delete.png: 58% size of source)
    (processed image /storage/sdcard0/andjedi/projects/ReadingBrowser/res/drawable-mdpi/delete.png: 50% size of source)
    (processed image /storage/sdcard0/andjedi/projects/ReadingBrowser/res/drawable-xhdpi/delete.png: 63% size of source)
    (processed image /storage/sdcard0/andjedi/projects/ReadingBrowser/res/drawable-hdpi/edit.png: 62% size of source)
    (processed image /storage/sdcard0/andjedi/projects/ReadingBrowser/res/drawable-mdpi/edit.png: 56% size of source)
    (processed image /storage/sdcard0/andjedi/projects/ReadingBrowser/res/drawable-xhdpi/edit.png: 64% size of source)
    (processed image /storage/sdcard0/andjedi/projects/ReadingBrowser/res/drawable-hdpi/forward.png: 27% size of source)
    (processed image /storage/sdcard0/andjedi/projects/ReadingBrowser/res/drawable-mdpi/forward.png: 25% size of source)
    (processed image /storage/sdcard0/andjedi/projects/ReadingBrowser/res/drawable-xhdpi/forward.png: 27% size of source)
    (processed image /storage/sdcard0/andjedi/projects/ReadingBrowser/res/drawable-xhdpi/history.png: 55% size of source)
    (processed image /storage/sdcard0/andjedi/projects/ReadingBrowser/res/drawable-hdpi/ic_launcher.png: 94% size of source)
    (processed image /storage/sdcard0/andjedi/projects/ReadingBrowser/res/drawable-mdpi/ic_launcher.png: 100% size of source)
    (processed image /storage/sdcard0/andjedi/projects/ReadingBrowser/res/drawable-xhdpi/ic_launcher.png: 87% size of source)
    (processed image /storage/sdcard0/andjedi/projects/ReadingBrowser/res/drawable-hdpi/refresh.png: 13% size of source)
    (processed image /storage/sdcard0/andjedi/projects/ReadingBrowser/res/drawable-mdpi/refresh.png: 10% size of source)
    (processed image /storage/sdcard0/andjedi/projects/ReadingBrowser/res/drawable-xhdpi/refresh.png: 15% size of source)
    (processed image /storage/sdcard0/andjedi/projects/ReadingBrowser/res/drawable-hdpi/settings.png: 33% size of source)
    (processed image /storage/sdcard0/andjedi/projects/ReadingBrowser/res/drawable-mdpi/settings.png: 32% size of source)
    (processed image /storage/sdcard0/andjedi/projects/ReadingBrowser/res/drawable-xhdpi/settings.png: 33% size of source)
    (new resource id back from drawable-hdpi/back.png #generated)
    (new resource id back from drawable-hdpi/back.png #generated)
    (new resource id back from drawable-hdpi/back.png #generated)
    (new resource id bookmarks from drawable-hdpi/bookmarks.png #generated)
    (new resource id bookmarks from drawable-hdpi/bookmarks.png #generated)
    (new resource id bookmarks from drawable-hdpi/bookmarks.png #generated)
    (new resource id delete from drawable-hdpi/delete.png #generated)
    (new resource id delete from drawable-hdpi/delete.png #generated)
    (new resource id delete from drawable-hdpi/delete.png #generated)
    (new resource id edit from drawable-hdpi/edit.png #generated)
    (new resource id edit from drawable-hdpi/edit.png #generated)
    (new resource id edit from drawable-hdpi/edit.png #generated)
    (new resource id forward from drawable-hdpi/forward.png #generated)
    (new resource id forward from drawable-hdpi/forward.png #generated)
    (new resource id forward from drawable-hdpi/forward.png #generated)
    (new resource id history from drawable-xhdpi/history.png #generated)
    (new resource id ic_launcher from drawable-hdpi/ic_launcher.png #generated)
    (new resource id ic_launcher from drawable-hdpi/ic_launcher.png #generated)
    (new resource id ic_launcher from drawable-hdpi/ic_launcher.png #generated)
    (new resource id refresh from drawable-hdpi/refresh.png #generated)
    (new resource id refresh from drawable-hdpi/refresh.png #generated)
    (new resource id refresh from drawable-hdpi/refresh.png #generated)
    (new resource id settings from drawable-hdpi/settings.png #generated)
    (new resource id settings from drawable-hdpi/settings.png #generated)
    (new resource id settings from drawable-hdpi/settings.png #generated)
    (new resource id main from /storage/sdcard0/andjedi/projects/ReadingBrowser/res/menu/main.xml)
  Writing symbols for class R.
Opening '/storage/sdcard0/andjedi/projects/ReadingBrowser/out/ReadingBrowser.apk.res'
Writing all files...
      'res/menu/main.xml' (compressed 76%)
      'AndroidManifest.xml' (compressed 63%)
      'resources.arsc' (not compressed)
      'res/drawable-hdpi/back.png' (not compressed)
      'res/drawable-hdpi/bookmarks.png' (not compressed)
      'res/drawable-hdpi/delete.png' (not compressed)
      'res/drawable-hdpi/edit.png' (not compressed)
      'res/drawable-hdpi/forward.png' (not compressed)
      'res/drawable-hdpi/ic_launcher.png' (not compressed)
      'res/drawable-hdpi/refresh.png' (not compressed)
      'res/drawable-hdpi/settings.png' (not compressed)
      'res/drawable-mdpi/back.png' (not compressed)
      'res/drawable-mdpi/bookmarks.png' (not compressed)
      'res/drawable-mdpi/delete.png' (not compressed)
      'res/drawable-mdpi/edit.png' (not compressed)
      'res/drawable-mdpi/forward.png' (not compressed)
      'res/drawable-mdpi/ic_launcher.png' (not compressed)
      'res/drawable-mdpi/refresh.png' (not compressed)
      'res/drawable-mdpi/settings.png' (not compressed)
      'res/drawable-xhdpi/back.png' (not compressed)
      'res/drawable-xhdpi/bookmarks.png' (not compressed)
      'res/drawable-xhdpi/delete.png' (not compressed)
      'res/drawable-xhdpi/edit.png' (not compressed)
      'res/drawable-xhdpi/forward.png' (not compressed)
      'res/drawable-xhdpi/history.png' (not compressed)
      'res/drawable-xhdpi/ic_launcher.png' (not compressed)
      'res/drawable-xhdpi/refresh.png' (not compressed)
      'res/drawable-xhdpi/settings.png' (not compressed)
Generated 28 files
Included 0 files from jar/zip files.
Checking for deleted files
Done!
========== Compile ==========
[parsing    /storage/sdcard0/andjedi/projects/ReadingBrowser/src/me/bluelightzero/readingbrowser/MainActivity.java - #1/1]
[reading    android/app/Activity.class]
[reading    android/view/ContextThemeWrapper.class]
[reading    android/content/ContextWrapper.class]
[reading    android/content/Context.class]
[reading    java/lang/Object.class]
[reading    android/content/ComponentCallbacks.class]
[reading    android/view/View$OnCreateContextMenuListener.class]
[reading    android/view/View.class]
[reading    android/view/KeyEvent$Callback.class]
[reading    android/view/KeyEvent.class]
[reading    android/os/Parcelable$Creator.class]
[reading    android/os/Parcelable.class]
[reading    android/view/Window$Callback.class]
[reading    android/view/Window.class]
[reading    android/view/LayoutInflater$Factory2.class]
[reading    android/view/LayoutInflater.class]
[reading    android/view/LayoutInflater$Factory.class]
[reading    android/webkit/WebViewClient.class]
[reading    java/lang/Override.class]
[reading    android/webkit/WebView.class]
[reading    java/lang/String.class]
[reading    android/os/Bundle.class]
[reading    android/content/res/Configuration.class]
[reading    android/view/Menu.class]
[reading    android/view/MenuItem.class]
[analyzing  /storage/sdcard0/andjedi/projects/ReadingBrowser/src/me/bluelightzero/readingbrowser/MainActivity.java - #1/1]
[reading    java/io/BufferedReader.class]
[reading    java/io/BufferedWriter.class]
[reading    java/io/OutputStreamWriter.class]
[reading    java/io/InputStreamReader.class]
[reading    java/io/IOException.class]
[reading    android/view/MenuInflater.class]
[reading    android/webkit/WebSettings.class]
[reading    android/app/DialogFragment.class]
[reading    android/app/Dialog.class]
[reading    android/app/AlertDialog.class]
[reading    android/content/DialogInterface.class]
[reading    android/widget/ArrayAdapter.class]
[reading    android/widget/EditText.class]
[reading    android/widget/TextView.class]
[reading    android/widget/Toast.class]
[reading    android/graphics/Bitmap.class]
[reading    android/content/res/Resources$Theme.class]
[reading    android/content/res/Resources.class]
[reading    android/content/Intent.class]
[reading    android/content/IntentSender.class]
[reading    android/content/IntentSender$SendIntentException.class]
[reading    android/content/pm/PackageManager$NameNotFoundException.class]
[reading    android/content/pm/PackageManager.class]
[reading    android/net/Uri.class]
[reading    android/content/ComponentName.class]
[reading    android/content/ServiceConnection.class]
[reading    android/content/BroadcastReceiver.class]
[reading    android/os/Handler.class]
[reading    android/content/IntentFilter.class]
[reading    java/io/InputStream.class]
[reading    android/graphics/drawable/Drawable.class]
[reading    java/io/File.class]
[reading    android/database/sqlite/SQLiteDatabase.class]
[reading    android/database/DatabaseErrorHandler.class]
[reading    android/database/sqlite/SQLiteDatabase$CursorFactory.class]
[reading    java/io/FileOutputStream.class]
[reading    java/io/FileNotFoundException.class]
[reading    java/io/FileInputStream.class]
[reading    android/content/SharedPreferences.class]
[reading    android/content/pm/ApplicationInfo.class]
[reading    java/lang/ClassLoader.class]
[reading    android/os/Looper.class]
[reading    android/content/ContentResolver.class]
[reading    android/content/res/AssetManager.class]
[reading    android/util/AttributeSet.class]
[reading    android/view/ActionMode.class]
[reading    android/view/ActionMode$Callback.class]
[reading    android/view/WindowManager$LayoutParams.class]
[reading    android/view/WindowManager.class]
[reading    android/view/accessibility/AccessibilityEvent.class]
[reading    android/view/MotionEvent.class]
[reading    android/view/ContextMenu$ContextMenuInfo.class]
[reading    android/view/ContextMenu.class]
[reading    android/widget/AbsoluteLayout.class]
[reading    android/view/ViewGroup.class]
[reading    java/lang/CharSequence.class]
[reading    java/lang/Comparable.class]
[reading    java/io/Serializable.class]
[parsing    /storage/sdcard0/andjedi/projects/ReadingBrowser/gen/me/bluelightzero/readingbrowser/R.java - #2/2]
[reading    android/app/AlertDialog$Builder.class]
[reading    android/R.class]
[reading    android/R$layout.class]
[reading    java/util/List.class]
[reading    android/widget/BaseAdapter.class]
[reading    android/content/DialogInterface$OnClickListener.class]
[reading    android/widget/ListAdapter.class]
[reading    android/widget/Filterable.class]
[reading    android/widget/SpinnerAdapter.class]
[reading    android/text/Editable.class]
[reading    java/lang/Appendable.class]
[reading    android/text/Spannable.class]
[reading    android/text/GetChars.class]
[reading    android/text/Spanned.class]
[reading    android/view/ViewTreeObserver$OnPreDrawListener.class]
[reading    android/view/ViewTreeObserver.class]
[reading    android/view/accessibility/AccessibilityEventSource.class]
[reading    android/graphics/drawable/Drawable$Callback.class]
[reading    android/widget/TextView$BufferType.class]
[reading    java/lang/System.class]
[reading    java/lang/Throwable.class]
[reading    java/lang/Exception.class]
[reading    java/io/Reader.class]
[reading    java/io/PrintStream.class]
[reading    java/lang/Integer.class]
[reading    java/lang/NumberFormatException.class]
[reading    java/io/OutputStream.class]
[reading    java/io/Writer.class]
[reading    java/lang/IllegalArgumentException.class]
[reading    java/lang/RuntimeException.class]
[analyzing  /storage/sdcard0/andjedi/projects/ReadingBrowser/gen/me/bluelightzero/readingbrowser/R.java - #2/2]
----------
1. WARNING in /storage/sdcard0/andjedi/projects/ReadingBrowser/src/me/bluelightzero/readingbrowser/MainActivity.java (at line 19)
	import android.app.DialogFragment;
	       ^^^^^^^^^^^^^^^^^^^^^^^^^^
The import android.app.DialogFragment is never used
----------
2. WARNING in /storage/sdcard0/andjedi/projects/ReadingBrowser/src/me/bluelightzero/readingbrowser/MainActivity.java (at line 20)
	import android.app.Dialog;
	       ^^^^^^^^^^^^^^^^^^
The import android.app.Dialog is never used
----------
3. WARNING in /storage/sdcard0/andjedi/projects/ReadingBrowser/src/me/bluelightzero/readingbrowser/MainActivity.java (at line 27)
	import android.widget.Toast;
	       ^^^^^^^^^^^^^^^^^^^^
The import android.widget.Toast is never used
----------
4. WARNING in /storage/sdcard0/andjedi/projects/ReadingBrowser/src/me/bluelightzero/readingbrowser/MainActivity.java (at line 29)
	import android.graphics.Bitmap;
	       ^^^^^^^^^^^^^^^^^^^^^^^
The import android.graphics.Bitmap is never used
----------
5. WARNING in /storage/sdcard0/andjedi/projects/ReadingBrowser/src/me/bluelightzero/readingbrowser/MainActivity.java (at line 312)
	String eol = System.getProperty("line.separator");
	       ^^^
The local variable eol is never read
----------
6. WARNING in /storage/sdcard0/andjedi/projects/ReadingBrowser/src/me/bluelightzero/readingbrowser/MainActivity.java (at line 418)
	String current = currentBookmark.getPage();
	       ^^^^^^^
The local variable current is never read
----------
[writing    me/bluelightzero/readingbrowser/MainActivity.class - #1]
[writing    me/bluelightzero/readingbrowser/MainActivity$7.class - #2]
[writing    me/bluelightzero/readingbrowser/MainActivity$3.class - #3]
[writing    me/bluelightzero/readingbrowser/MainActivity$8.class - #4]
[writing    me/bluelightzero/readingbrowser/MainActivity$2.class - #5]
[writing    me/bluelightzero/readingbrowser/MainActivity$ReaderClient.class - #6]
[writing    me/bluelightzero/readingbrowser/MainActivity$1.class - #7]
[writing    me/bluelightzero/readingbrowser/MainActivity$5.class - #8]
[writing    me/bluelightzero/readingbrowser/MainActivity$Bookmark.class - #9]
[writing    me/bluelightzero/readingbrowser/MainActivity$6.class - #10]
[writing    me/bluelightzero/readingbrowser/MainActivity$4.class - #11]
[completed  /storage/sdcard0/andjedi/projects/ReadingBrowser/src/me/bluelightzero/readingbrowser/MainActivity.java - #1/2]
[writing    me/bluelightzero/readingbrowser/R$string.class - #12]
[writing    me/bluelightzero/readingbrowser/R.class - #13]
[writing    me/bluelightzero/readingbrowser/R$drawable.class - #14]
[writing    me/bluelightzero/readingbrowser/R$menu.class - #15]
[writing    me/bluelightzero/readingbrowser/R$attr.class - #16]
[writing    me/bluelightzero/readingbrowser/R$id.class - #17]
[completed  /storage/sdcard0/andjedi/projects/ReadingBrowser/gen/me/bluelightzero/readingbrowser/R.java - #2/2]
[2 units compiled]
6 problems (6 warnings)[17 .class files generated]
========== Dx ==========
Done in 3 sec.
ExitValue: 0
========== Build ==========
Done in 0 sec.
ExitValue: 0
========== Sign ==========
Done in 0 sec.
ExitValue: 0
